<?xml version="1.0" encoding="UTF-8"?>
<!-- Generated by org.testng.reporters.JUnitReportReporter -->
<testsuite ignored="0" hostname="DESKTOP-8TF9K5N" failures="0" tests="1" name="loginTest.TC04_LoginJson" time="0.250" errors="0" timestamp="21 Feb 2024 01:56:38 GMT" skipped="0">
  <testcase classname="loginTest.TC04_LoginJson" name="TC01" time="0.250"/>
</testsuite> <!-- loginTest.TC04_LoginJson -->
