<?xml version="1.0" encoding="UTF-8"?>
<!-- Generated by org.testng.reporters.JUnitReportReporter -->
<testsuite ignored="0" hostname="DESKTOP-8TF9K5N" failures="0" tests="1" name="loginTest.TC01_Login" time="0.344" errors="0" timestamp="14 Feb 2024 06:21:40 GMT" skipped="0">
  <testcase classname="loginTest.TC01_Login" name="TC01" time="0.344"/>
</testsuite> <!-- loginTest.TC01_Login -->
