<?xml version="1.0" encoding="UTF-8"?>
<!-- Generated by org.testng.reporters.JUnitReportReporter -->
<testsuite ignored="0" hostname="DESKTOP-8TF9K5N" failures="0" tests="1" name="inventoryTests.TC03_VerifyRemoveBtn" time="0.503" errors="0" timestamp="14 Feb 2024 06:21:40 GMT" skipped="0">
  <testcase classname="inventoryTests.TC03_VerifyRemoveBtn" name="TC03" time="0.503"/>
</testsuite> <!-- inventoryTests.TC03_VerifyRemoveBtn -->
