<?xml version="1.0" encoding="UTF-8"?>
<!-- Generated by org.testng.reporters.JUnitReportReporter -->
<testsuite ignored="0" hostname="DESKTOP-8TF9K5N" failures="0" tests="1" name="pruebaSelenium.hardAssert" time="8.925" errors="0" timestamp="28 Jan 2024 04:01:02 GMT" skipped="0">
  <testcase classname="pruebaSelenium.hardAssert" name="f" time="8.925"/>
</testsuite> <!-- pruebaSelenium.hardAssert -->
